c:\users\filib\source\repos\projectwin\projectwin\x64\debug\vc141.pdb
c:\users\filib\source\repos\projectwin\projectwin\x64\debug\vc141.idb
c:\users\filib\source\repos\projectwin\projectwin\x64\debug\tree.obj
c:\users\filib\source\repos\projectwin\projectwin\x64\debug\tablefile.obj
c:\users\filib\source\repos\projectwin\projectwin\x64\debug\stack.obj
c:\users\filib\source\repos\projectwin\projectwin\x64\debug\queue.obj
c:\users\filib\source\repos\projectwin\projectwin\x64\debug\mexdata.obj
c:\users\filib\source\repos\projectwin\projectwin\x64\debug\main.obj
c:\users\filib\source\repos\projectwin\projectwin\x64\debug\log.obj
c:\users\filib\source\repos\projectwin\projectwin\x64\debug\globalset.obj
c:\users\filib\source\repos\projectwin\projectwin\x64\debug\filesystemutility.obj
c:\users\filib\source\repos\projectwin\projectwin\x64\debug\dlist.obj
c:\users\filib\source\repos\projectwin\projectwin\x64\debug\common.obj
c:\users\filib\source\repos\projectwin\projectwin\x64\debug\client.obj
c:\users\filib\source\repos\projectwin\projectwin\x64\debug\avl.obj
c:\users\filib\source\repos\projectwin\x64\debug\projectwin.exe
c:\users\filib\source\repos\projectwin\x64\debug\projectwin.ilk
c:\users\filib\source\repos\projectwin\x64\debug\projectwin.pdb
c:\users\filib\source\repos\projectwin\projectwin\x64\debug\projectwin.tlog\cl.command.1.tlog
c:\users\filib\source\repos\projectwin\projectwin\x64\debug\projectwin.tlog\cl.read.1.tlog
c:\users\filib\source\repos\projectwin\projectwin\x64\debug\projectwin.tlog\cl.write.1.tlog
c:\users\filib\source\repos\projectwin\projectwin\x64\debug\projectwin.tlog\link.command.1.tlog
c:\users\filib\source\repos\projectwin\projectwin\x64\debug\projectwin.tlog\link.read.1.tlog
c:\users\filib\source\repos\projectwin\projectwin\x64\debug\projectwin.tlog\link.write.1.tlog
